Performing C SOURCE FILE Test CMAKE_HAVE_LIBC_PTHREAD failed with the following output:
Change Dir: /root/workspace/gpu_voxel_indy_sdk/build/CMakeFiles/CMakeTmp

Run Build Command(s):/usr/bin/make cmTC_035f1/fast && /usr/bin/make  -f CMakeFiles/cmTC_035f1.dir/build.make CMakeFiles/cmTC_035f1.dir/build
make[1]: Entering directory '/root/workspace/gpu_voxel_indy_sdk/build/CMakeFiles/CMakeTmp'
Building C object CMakeFiles/cmTC_035f1.dir/src.c.o
/usr/bin/cc   -DCMAKE_HAVE_LIBC_PTHREAD -o CMakeFiles/cmTC_035f1.dir/src.c.o -c /root/workspace/gpu_voxel_indy_sdk/build/CMakeFiles/CMakeTmp/src.c
Linking C executable cmTC_035f1
/usr/local/bin/cmake -E cmake_link_script CMakeFiles/cmTC_035f1.dir/link.txt --verbose=1
/usr/bin/cc  -DCMAKE_HAVE_LIBC_PTHREAD -rdynamic CMakeFiles/cmTC_035f1.dir/src.c.o -o cmTC_035f1 
CMakeFiles/cmTC_035f1.dir/src.c.o: In function `main':
src.c:(.text+0x3c): undefined reference to `pthread_create'
src.c:(.text+0x48): undefined reference to `pthread_detach'
src.c:(.text+0x54): undefined reference to `pthread_cancel'
src.c:(.text+0x65): undefined reference to `pthread_join'
src.c:(.text+0x79): undefined reference to `pthread_atfork'
collect2: error: ld returned 1 exit status
CMakeFiles/cmTC_035f1.dir/build.make:105: recipe for target 'cmTC_035f1' failed
make[1]: *** [cmTC_035f1] Error 1
make[1]: Leaving directory '/root/workspace/gpu_voxel_indy_sdk/build/CMakeFiles/CMakeTmp'
Makefile:140: recipe for target 'cmTC_035f1/fast' failed
make: *** [cmTC_035f1/fast] Error 2


Source file was:
#include <pthread.h>

void* test_func(void* data)
{
  return data;
}

int main(void)
{
  pthread_t thread;
  pthread_create(&thread, NULL, test_func, NULL);
  pthread_detach(thread);
  pthread_cancel(thread);
  pthread_join(thread, NULL);
  pthread_atfork(NULL, NULL, NULL);
  pthread_exit(NULL);

  return 0;
}

Determining if the function pthread_create exists in the pthreads failed with the following output:
Change Dir: /root/workspace/gpu_voxel_indy_sdk/build/CMakeFiles/CMakeTmp

Run Build Command(s):/usr/bin/make cmTC_78f11/fast && /usr/bin/make  -f CMakeFiles/cmTC_78f11.dir/build.make CMakeFiles/cmTC_78f11.dir/build
make[1]: Entering directory '/root/workspace/gpu_voxel_indy_sdk/build/CMakeFiles/CMakeTmp'
Building C object CMakeFiles/cmTC_78f11.dir/CheckFunctionExists.c.o
/usr/bin/cc   -DCHECK_FUNCTION_EXISTS=pthread_create -o CMakeFiles/cmTC_78f11.dir/CheckFunctionExists.c.o -c /usr/local/share/cmake-3.18/Modules/CheckFunctionExists.c
Linking C executable cmTC_78f11
/usr/local/bin/cmake -E cmake_link_script CMakeFiles/cmTC_78f11.dir/link.txt --verbose=1
/usr/bin/cc  -DCHECK_FUNCTION_EXISTS=pthread_create -rdynamic CMakeFiles/cmTC_78f11.dir/CheckFunctionExists.c.o -o cmTC_78f11  -lpthreads 
/usr/bin/ld: cannot find -lpthreads
collect2: error: ld returned 1 exit status
CMakeFiles/cmTC_78f11.dir/build.make:105: recipe for target 'cmTC_78f11' failed
make[1]: *** [cmTC_78f11] Error 1
make[1]: Leaving directory '/root/workspace/gpu_voxel_indy_sdk/build/CMakeFiles/CMakeTmp'
Makefile:140: recipe for target 'cmTC_78f11/fast' failed
make: *** [cmTC_78f11/fast] Error 2



